<?xml version="1.0" encoding="UTF-8"?>
<!-- Generated by org.testng.reporters.JUnitXMLReporter -->
<testsuite ignored="0" hostname="SANJAI" failures="0" tests="3" name="Test-Runner-Firefox" time="0.226" errors="0" timestamp="2021-08-25T10:34:16 IST">
  <testcase classname="com.vtiger.comcast.gereriUtility.BaseClass" name="@BeforeClass configBC" time="-1.629867856403E9">
    <failure type="org.testng.TestNGException" message="
Parameter &amp;apos;BROWSER&amp;apos; is required by BeforeClass on method configBC but has not been marked @Optional or defined
in C:\Users\sanjai kumar\eclipse-workspace\Automation-workspace\SDET20\testng_CrossBrowser.xml">
      <![CDATA[org.testng.TestNGException: 
Parameter 'BROWSER' is required by BeforeClass on method configBC but has not been marked @Optional or defined
in C:\Users\sanjai kumar\eclipse-workspace\Automation-workspace\SDET20\testng_CrossBrowser.xml
at java.base/java.util.ArrayList.forEach(ArrayList.java:1511)
... Removed 22 stack frames]]>
    </failure>
  </testcase> <!-- @BeforeClass configBC -->
  <testcase classname="com.vtiger.comcast.gereriUtility.BaseClass" name="@BeforeMethod configBM" time="-1.62986785642E9">
    <skipped/>
  </testcase> <!-- @BeforeMethod configBM -->
  <testcase classname="com.vtiger.comcast.gereriUtility.BaseClass" name="@AfterMethod configAM" time="-1.629867856461E9">
    <skipped/>
  </testcase> <!-- @AfterMethod configAM -->
  <testcase classname="com.vtiger.comcast.gereriUtility.BaseClass" name="@BeforeMethod configBM" time="-1.629867856468E9">
    <skipped/>
  </testcase> <!-- @BeforeMethod configBM -->
  <testcase classname="com.vtiger.comcast.gereriUtility.BaseClass" name="@AfterMethod configAM" time="-1.629867856496E9">
    <skipped/>
  </testcase> <!-- @AfterMethod configAM -->
  <testcase classname="com.vtiger.comcast.gereriUtility.BaseClass" name="@BeforeMethod configBM" time="-1.629867856532E9">
    <skipped/>
  </testcase> <!-- @BeforeMethod configBM -->
  <testcase classname="com.vtiger.comcast.gereriUtility.BaseClass" name="@AfterMethod configAM" time="-1.629867856571E9">
    <skipped/>
  </testcase> <!-- @AfterMethod configAM -->
  <testcase classname="com.vtiger.comcast.gereriUtility.BaseClass" name="@AfterClass configAC" time="-1.629867856588E9">
    <skipped/>
  </testcase> <!-- @AfterClass configAC -->
  <testcase classname="TestNG.opptestNG" name="CreateOpportunity" time="0.0">
    <skipped/>
  </testcase> <!-- CreateOpportunity -->
  <testcase classname="TestNG.opptestNG" name="withoutsave" time="0.0">
    <skipped/>
  </testcase> <!-- withoutsave -->
  <testcase classname="TestNG.opptestNG" name="withsave" time="0.0">
    <skipped/>
  </testcase> <!-- withsave -->
</testsuite> <!-- Test-Runner-Firefox -->
