<?xml version="1.0" encoding="UTF-8"?>
<!-- Generated by org.testng.reporters.JUnitReportReporter -->
<testsuite hostname="SANJAI" failures="0" tests="1" name="com.vtiger.Igot.organizationtest.CreateFilterWithSaveBtn" time="46.150" errors="0" timestamp="2021-08-23T23:55:06 IST" skipped="0">
  <testcase classname="com.vtiger.Igot.organizationtest.CreateFilterWithSaveBtn" name="main" time="46.150"/>
  <system-out/>
</testsuite> <!-- com.vtiger.Igot.organizationtest.CreateFilterWithSaveBtn -->
