<?xml version="1.0" encoding="UTF-8"?>
<!-- Generated by org.testng.reporters.JUnitReportReporter -->
<testsuite hostname="SANJAI" failures="0" tests="1" name="TestNG.assertCall" time="203.899" errors="0" timestamp="2021-08-27T16:36:37 IST" skipped="0">
  <testcase classname="TestNG.assertCall" name="CreateOpportunity" time="203.899"/>
  <system-out/>
</testsuite> <!-- TestNG.assertCall -->
