<?xml version="1.0" encoding="UTF-8"?>
<!-- Generated by org.testng.reporters.JUnitReportReporter -->
<testsuite hostname="SANJAI" failures="0" tests="2" name="com.vtiger.comcast.organizationtest.New_trail" time="25.556" errors="0" timestamp="2021-08-25T16:06:21 IST" skipped="0">
  <testcase classname="com.vtiger.comcast.organizationtest.New_trail" name="executeHome" time="15.427"/>
  <system-out/>
  <testcase classname="com.vtiger.comcast.organizationtest.New_trail" name="executeOrg" time="10.129"/>
  <system-out/>
</testsuite> <!-- com.vtiger.comcast.organizationtest.New_trail -->
