<?xml version="1.0" encoding="UTF-8"?>
<!-- Generated by org.testng.reporters.JUnitReportReporter -->
<testsuite hostname="SANJAI" failures="0" tests="2" name="com.vtiger.comcast.organizationtest.Trail" time="18.459" errors="0" timestamp="2021-08-25T14:21:45 IST" skipped="0">
  <testcase classname="com.vtiger.comcast.organizationtest.Trail" name="CreateHomePageGetTitle" time="12.154"/>
  <system-out/>
  <testcase classname="com.vtiger.comcast.organizationtest.Trail" name="CreateOrganizationGetText" time="6.305"/>
  <system-out/>
</testsuite> <!-- com.vtiger.comcast.organizationtest.Trail -->
