<?xml version="1.0" encoding="UTF-8"?>
<!-- Generated by org.testng.reporters.JUnitReportReporter -->
<testsuite hostname="SANJAI" failures="0" tests="1" name="com.vtiger.Igot.organizationtest.CreateFilter_TC26" time="83.428" errors="0" timestamp="2021-08-24T21:42:26 IST" skipped="0">
  <testcase classname="com.vtiger.Igot.organizationtest.CreateFilter_TC26" name="withoutsave" time="83.428"/>
  <system-out/>
</testsuite> <!-- com.vtiger.Igot.organizationtest.CreateFilter_TC26 -->
