<?xml version="1.0" encoding="UTF-8"?>
<!-- Generated by org.testng.reporters.JUnitReportReporter -->
<testsuite hostname="SANJAI" failures="0" tests="1" name="com.vtiger.Igot.organizationtest.CreateOpportunity_TC25" time="148.138" errors="0" timestamp="2021-08-24T21:40:29 IST" skipped="0">
  <testcase classname="com.vtiger.Igot.organizationtest.CreateOpportunity_TC25" name="CreateOpportunity" time="148.138"/>
  <system-out/>
</testsuite> <!-- com.vtiger.Igot.organizationtest.CreateOpportunity_TC25 -->
