<?xml version="1.0" encoding="UTF-8"?>
<!-- Generated by org.testng.reporters.JUnitReportReporter -->
<testsuite hostname="SANJAI" failures="0" tests="1" name="TestNG.CF" time="0.010" errors="0" timestamp="2021-08-22T15:54:07 IST" skipped="0">
  <testcase classname="TestNG.CF" name="CreateFilter" time="0.010"/>
  <system-out/>
</testsuite> <!-- TestNG.CF -->
