<?xml version="1.0" encoding="UTF-8"?>
<!-- Generated by org.testng.reporters.JUnitReportReporter -->
<testsuite hostname="SANJAI" failures="0" tests="3" name="TestNG.TC_3" time="187.372" errors="0" timestamp="2021-08-24T22:27:40 IST" skipped="0">
  <testcase classname="TestNG.TC_3" name="CreateOpportunity" time="119.974"/>
  <system-out/>
  <testcase classname="TestNG.TC_3" name="withoutsave" time="28.285"/>
  <system-out/>
  <testcase classname="TestNG.TC_3" name="withsave" time="39.113"/>
  <system-out/>
</testsuite> <!-- TestNG.TC_3 -->
