<?xml version="1.0" encoding="UTF-8"?>
<!-- Generated by org.testng.reporters.JUnitReportReporter -->
<testsuite hostname="SANJAI" failures="0" tests="1" name="TestNG.opptestNG" time="27.917" errors="0" timestamp="2021-08-27T15:24:39 IST" skipped="0">
  <testcase classname="TestNG.opptestNG" name="withsave" time="27.917"/>
  <system-out/>
</testsuite> <!-- TestNG.opptestNG -->
