<?xml version="1.0" encoding="UTF-8"?>
<!-- Generated by org.testng.reporters.JUnitReportReporter -->
<testsuite hostname="SANJAI" failures="0" tests="1" name="com.vtiger.Igot.organizationtest.CreateFilter" time="27.815" errors="0" timestamp="2021-08-24T00:05:08 IST" skipped="0">
  <testcase classname="com.vtiger.Igot.organizationtest.CreateFilter" name="withoutsave" time="27.815"/>
  <system-out/>
</testsuite> <!-- com.vtiger.Igot.organizationtest.CreateFilter -->
