<?xml version="1.0" encoding="UTF-8"?>
<!-- Generated by org.testng.reporters.JUnitReportReporter -->
<testsuite hostname="SANJAI" failures="0" tests="1" name="com.vtiger.Igot.organizationtest.CreateFilterWithSaveBtn_TC27" time="50.918" errors="0" timestamp="2021-08-24T21:43:43 IST" skipped="0">
  <testcase classname="com.vtiger.Igot.organizationtest.CreateFilterWithSaveBtn_TC27" name="withsave" time="50.918"/>
  <system-out/>
</testsuite> <!-- com.vtiger.Igot.organizationtest.CreateFilterWithSaveBtn_TC27 -->
